<?xml version="1.0" encoding="UTF-8"?>
<testsuite xmlns:xsi="http://www.w3.org/2001/XMLSchema-instance" xsi:noNamespaceSchemaLocation="https://maven.apache.org/surefire/maven-surefire-plugin/xsd/surefire-test-report-3.0.xsd" version="3.0" name="com.diro.ift2255.controller.ComparaisonControllerTest" time="0.021" tests="5" errors="0" skipped="0" failures="0">
  <properties>
[...]
</properties>
  <testcase name="testDeselectionnerCoursComparer" classname="com.diro.ift2255.controller.ComparaisonControllerTest" time="0.004">
    <system-out><![CDATA[
================================================================================
ComparaisonController Tests
================================================================================

TEST: deselectionnerCoursComparer should remove matching course by id
    ├─ Method: testDeselectionnerCoursComparer
    ├─ Assertions:
    │   ├─ [PASS] First slot is not null after deselection
    │   ├─ [PASS] Remaining course at index 0 has id MAT-1600
    │   └─ [PASS] Second slot is null as expected
    └─ Duration: 2 ms
]]></system-out>
  </testcase>
  <testcase name="testCalculerChargeTotale" classname="com.diro.ift2255.controller.ComparaisonControllerTest" time="0.002">
    <system-out><![CDATA[
TEST: calculerChargeTotale should sum credits of selected courses
    ├─ Method: testCalculerChargeTotale
    ├─ Assertions:
    │   └─ [PASS] Total credits correctly calculated as 7
    └─ Duration: 2 ms
]]></system-out>
  </testcase>
  <testcase name="testSelectionnerCoursComparer" classname="com.diro.ift2255.controller.ComparaisonControllerTest" time="0.001">
    <system-out><![CDATA[
TEST: selectionnerCoursComparer should store first course in position 0
    ├─ Method: testSelectionnerCoursComparer
    ├─ Assertions:
    │   ├─ [PASS] First slot is not null
    │   └─ [PASS] First slot references the expected course (c1)
    └─ Duration: 1 ms
]]></system-out>
  </testcase>
  <testcase name="testReinitialiserSelection" classname="com.diro.ift2255.controller.ComparaisonControllerTest" time="0.001">
    <system-out><![CDATA[
TEST: reinitialiserSelection should clear the selected compared courses
    ├─ Method: testReinitialiserSelection
    ├─ Assertions:
    │   └─ [PASS] Selection correctly reset (first slot is null)
    └─ Duration: 1 ms
]]></system-out>
  </testcase>
  <testcase name="testComparerCours" classname="com.diro.ift2255.controller.ComparaisonControllerTest" time="0.002">
    <system-out><![CDATA[
TEST: comparerCours should copy selection into internal array
    ├─ Method: testComparerCours
    ├─ Assertions:
    │   ├─ [PASS] First compared course is c1
    │   └─ [PASS] Second compared course is c2
    └─ Duration: 1 ms
]]></system-out>
  </testcase>
</testsuite>