<?xml version="1.0" encoding="UTF-8"?>
<testsuite xmlns:xsi="http://www.w3.org/2001/XMLSchema-instance" xsi:noNamespaceSchemaLocation="https://maven.apache.org/surefire/maven-surefire-plugin/xsd/surefire-test-report-3.0.xsd" version="3.0" name="com.diro.ift2255.service.UserServiceTest" time="0.005" tests="3" errors="0" skipped="0" failures="0">
  <properties>
[...]
</properties>
  <testcase name="testGetUserByIdFound" classname="com.diro.ift2255.service.UserServiceTest" time="0.002">
    <system-out><![CDATA[
================================================================================
UserService Tests
================================================================================

TEST: Get user by ID should return the correct user when found
    ├─ Method: testGetUserByIdFound
    ├─ Assertions:
    │   ├─ [PASS] User with ID 1 exists
    │   └─ [PASS] Retrieved user: Alice
    └─ Duration: 1 ms
]]></system-out>
  </testcase>
  <testcase name="testGetAllUsers" classname="com.diro.ift2255.service.UserServiceTest" time="0.0">
    <system-out><![CDATA[
TEST: Get all users should return 2 mock users
    ├─ Method: testGetAllUsers
    ├─ Assertions:
    │   └─ [PASS] Retrieved 2 users as expected
    └─ Duration: 0 ms
]]></system-out>
  </testcase>
  <testcase name="testGetUserByIdNotFound" classname="com.diro.ift2255.service.UserServiceTest" time="0.001">
    <system-out><![CDATA[
TEST: Get user by ID should return empty when user is not found
    ├─ Method: testGetUserByIdNotFound
    ├─ Assertions:
    │   └─ [PASS] No user found as expected
    └─ Duration: 0 ms
]]></system-out>
  </testcase>
</testsuite>