<?xml version="1.0" encoding="UTF-8"?>
<testsuite xmlns:xsi="http://www.w3.org/2001/XMLSchema-instance" xsi:noNamespaceSchemaLocation="https://maven.apache.org/surefire/maven-surefire-plugin/xsd/surefire-test-report-3.0.xsd" version="3.0" name="com.diro.ift2255.controller.CourseControllerTest" time="0.333" tests="9" errors="0" skipped="0" failures="0">
  <properties>
[...]
</properties>
  <testcase name="testSearchCoursesNormalUser" classname="com.diro.ift2255.controller.CourseControllerTest" time="0.266">
    <system-out><![CDATA[
================================================================================
CourseController Tests
================================================================================

TEST: SearchCourses with normal user should return all courses
    ├─ Method: testSearchCoursesNormalUser
    ├─ Assertions:
    │   └─ [PASS] Only courses matching student's program returned
    └─ Duration: 12 ms
]]></system-out>
  </testcase>
  <testcase name="testGetAllCoursesWithQueryParameters" classname="com.diro.ift2255.controller.CourseControllerTest" time="0.007">
    <system-out><![CDATA[
TEST: Get all courses should pass query parameters to service
    ├─ Method: testGetAllCoursesWithQueryParameters
    ├─ Assertions:
    │   ├─ [PASS] Service called with correct query parameters
    │   └─ [PASS] Response returned successfully
    └─ Duration: 2 ms
]]></system-out>
  </testcase>
  <testcase name="testSearchAllCoursesWithQueryParameters" classname="com.diro.ift2255.controller.CourseControllerTest" time="0.008">
    <system-out><![CDATA[
TEST: SearchCourses with normal user and query params should return only matching courses
    ├─ Method: testSearchAllCoursesWithQueryParameters
    ├─ Assertions:
    │   ├─ [PASS] Service called with correct query parameters
    │   └─ [PASS] Response returned successfully
    └─ Duration: 4 ms
]]></system-out>
  </testcase>
  <testcase name="testGetCourseByIdWhenCourseNotFound" classname="com.diro.ift2255.controller.CourseControllerTest" time="0.007">
    <system-out><![CDATA[
TEST: Get course by ID should return 404 when course not found
    ├─ Method: testGetCourseByIdWhenCourseNotFound
    ├─ Assertions:
    │   ├─ [PASS] Service called with ID: IFT1234
    │   ├─ [PASS] Status 404 set
    │   └─ [PASS] Error message returned
    └─ Duration: 4 ms
]]></system-out>
  </testcase>
  <testcase name="testGetAllCoursesWithoutQueryParams" classname="com.diro.ift2255.controller.CourseControllerTest" time="0.006">
    <system-out><![CDATA[
TEST: Get all courses should return all courses when no query parameters
    ├─ Method: testGetAllCoursesWithoutQueryParams
    ├─ Assertions:
    │   ├─ [PASS] Query params extracted from context
    │   ├─ [PASS] Service called with query params
    │   └─ [PASS] Response returned with 2 courses
    └─ Duration: 3 ms
]]></system-out>
  </testcase>
  <testcase name="testGetCourseByIdWhenIdIsEmpty" classname="com.diro.ift2255.controller.CourseControllerTest" time="0.004">
    <system-out><![CDATA[
TEST: Get course by ID should return 400 when ID is empty string
    ├─ Method: testGetCourseByIdWhenIdIsEmpty
    ├─ Assertions:
    │   ├─ [PASS] Status 400 set for empty ID
    │   └─ [PASS] Service was not called
    └─ Duration: 2 ms
]]></system-out>
  </testcase>
  <testcase name="testSearchCoursesStudent" classname="com.diro.ift2255.controller.CourseControllerTest" time="0.006">
    <system-out><![CDATA[
TEST: SearchCourses with student user should filter courses by program
    ├─ Method: testSearchCoursesStudent
    ├─ Assertions:
    │   └─ [PASS] Only courses matching student's program returned
    └─ Duration: 3 ms
]]></system-out>
  </testcase>
  <testcase name="testGetCourseByIdWhenIdExists" classname="com.diro.ift2255.controller.CourseControllerTest" time="0.006">
    <system-out><![CDATA[
TEST: Get course by ID should return course when ID exists
    ├─ Method: testGetCourseByIdWhenIdExists
    ├─ Assertions:
    │   ├─ [PASS] Path parameter 'id' extracted
    │   ├─ [PASS] Service called with ID: IFT2255
    │   ├─ [PASS] Course returned successfully
    │   └─ [PASS] No error status set
    └─ Duration: 2 ms
]]></system-out>
  </testcase>
  <testcase name="testGetCourseByIdWhenIdIsNull" classname="com.diro.ift2255.controller.CourseControllerTest" time="0.005">
    <system-out><![CDATA[
TEST: Get course by ID should return 400 when ID is null
    ├─ Method: testGetCourseByIdWhenIdIsNull
    ├─ Assertions:
    │   ├─ [PASS] Status 400 set
    │   ├─ [PASS] Error message returned
    │   └─ [PASS] Service was not called
    └─ Duration: 3 ms
]]></system-out>
  </testcase>
</testsuite>