<?xml version="1.0" encoding="UTF-8"?>
<testsuite xmlns:xsi="http://www.w3.org/2001/XMLSchema-instance" xsi:noNamespaceSchemaLocation="https://maven.apache.org/surefire/maven-surefire-plugin/xsd/surefire-test-report-3.0.xsd" version="3.0" name="com.diro.ift2255.service.CourseServiceTest" time="1.027" tests="4" errors="0" skipped="0" failures="0">
  <properties>
[...]
</properties>
  <testcase name="getAllCourses_returnListClientApi" classname="com.diro.ift2255.service.CourseServiceTest" time="0.94">
    <system-out><![CDATA[
================================================================================
CourseService Tests
================================================================================

TEST: getAllCourses should return a list from API.
    ├─ Method: getAllCourses_returnListClientApi
    ├─ Assertions:
Calling Planifium API : https://planifium-api.onrender.com/api/v1/courses?course_id=IFT2255
    │   └─ [PASS] Returned : 2 courses as expected.
    └─ Duration: 233 ms
]]></system-out>
    <system-err><![CDATA[Mockito is currently self-attaching to enable the inline-mock-maker. This will no longer work in future releases of the JDK. Please add Mockito as an agent to your build as described in Mockito's documentation: https://javadoc.io/doc/org.mockito/mockito-core/latest/org.mockito/org/mockito/Mockito.html#0.3
WARNING: A Java agent has been loaded dynamically (/home/alixloungnarath/.m2/repository/net/bytebuddy/byte-buddy-agent/1.17.5/byte-buddy-agent-1.17.5.jar)
WARNING: If a serviceability tool is in use, please run with -XX:+EnableDynamicAgentLoading to hide this warning
WARNING: If a serviceability tool is not in use, please run with -Djdk.instrument.traceUsage for more information
WARNING: Dynamic loading of agents will be disallowed by default in a future release
]]></system-err>
  </testcase>
  <testcase name="getAllCourses_withNullParams_useEmptyMap" classname="com.diro.ift2255.service.CourseServiceTest" time="0.013">
    <system-out><![CDATA[
TEST: getAllCourses with Null parameters should use empty map and return an empty list.
    ├─ Method: getAllCourses_withNullParams_useEmptyMap
    ├─ Assertions:
Calling Planifium API : https://planifium-api.onrender.com/api/v1/courses
    │   └─ [PASS] Returned empty list as expected
    └─ Duration: 3 ms
]]></system-out>
  </testcase>
  <testcase name="getCourseById_ReturnCourseIfClientApiSucceed" classname="com.diro.ift2255.service.CourseServiceTest" time="0.012">
    <system-out><![CDATA[
TEST: getCourseById should return course if API succeeds.
    ├─ Method: getCourseById_ReturnCourseIfClientApiSucceed
    ├─ Assertions:
    │   ├─ [PASS] Course found for id IFT-2255
    │   └─ [PASS] Returned course matches expected mock
    └─ Duration: 6 ms
]]></system-out>
  </testcase>
  <testcase name="getCourseById_EmptyIfClientApiThrows" classname="com.diro.ift2255.service.CourseServiceTest" time="0.007">
    <system-out><![CDATA[
TEST: getCourseById should return empty if API throws.
    ├─ Method: getCourseById_EmptyIfClientApiThrows
    ├─ Assertions:
    │   └─ [PASS] Empty optional returned as expected when API throws.
    └─ Duration: 4 ms
]]></system-out>
  </testcase>
</testsuite>